生成启动时间为 2019/3/30 21:52:55。
     1>项目“C:\Users\westshell_ASUS\Documents\Visual Studio 2010\Projects\HelloMFC\GetIPAndPort\GetIPAndPort.vcxproj”在节点 2 上(build 个目标)。
     1>InitializeBuildStatus:
         正在创建“Debug\GetIPAndPort.unsuccessfulbuild”，因为已指定“AlwaysCreate”。
       ClCompile:
         C:\Program Files (x86)\Microsoft Visual Studio 10.0\VC\bin\CL.exe /c /ZI /nologo /W3 /WX- /Od /Oy- /D WIN32 /D _WINDOWS /D _DEBUG /D _MBCS /D _AFXDLL /Gm /EHsc /RTC1 /MDd /GS /fp:precise /Zc:wchar_t /Zc:forScope /Yc"StdAfx.h" /Fp"Debug\GetIPAndPort.pch" /Fo"Debug\\" /Fd"Debug\vc100.pdb" /Gd /TP /analyze- /errorReport:prompt stdafx.cpp
         stdafx.cpp
         C:\Program Files (x86)\Microsoft Visual Studio 10.0\VC\bin\CL.exe /c /ZI /nologo /W3 /WX- /Od /Oy- /D WIN32 /D _WINDOWS /D _DEBUG /D _MBCS /D _AFXDLL /Gm /EHsc /RTC1 /MDd /GS /fp:precise /Zc:wchar_t /Zc:forScope /Yu"StdAfx.h" /Fp"Debug\GetIPAndPort.pch" /Fo"Debug\\" /Fd"Debug\vc100.pdb" /Gd /TP /analyze- /errorReport:prompt GetIPAndPort.cpp GetIPAndPortDlg.cpp
         GetIPAndPortDlg.cpp
         GetIPAndPort.cpp
         正在生成代码...
       ResourceCompile:
         C:\Program Files (x86)\Microsoft SDKs\Windows\v7.0A\bin\rc.exe /D _DEBUG /D _AFXDLL /l"0x0804" /IDebug\ /nologo /fo"Debug\GetIPAndPort.res" GetIPAndPort.rc 
       ManifestResourceCompile:
         C:\Program Files (x86)\Microsoft SDKs\Windows\v7.0A\bin\rc.exe /nologo /fo"Debug\GetIPAndPort.exe.embed.manifest.res" Debug\GetIPAndPort_manifest.rc 
       Link:
         C:\Program Files (x86)\Microsoft Visual Studio 10.0\VC\bin\link.exe /ERRORREPORT:PROMPT /OUT:"C:\Users\westshell_ASUS\Documents\Visual Studio 2010\Projects\HelloMFC\Debug\GetIPAndPort.exe" /INCREMENTAL /NOLOGO /MANIFEST /ManifestFile:"Debug\GetIPAndPort.exe.intermediate.manifest" /MANIFESTUAC:"level='asInvoker' uiAccess='false'" /DEBUG /PDB:"C:\Users\westshell_ASUS\Documents\Visual Studio 2010\Projects\HelloMFC\Debug\GetIPAndPort.pdb" /SUBSYSTEM:WINDOWS /TLBID:1 /DYNAMICBASE /NXCOMPAT /IMPLIB:"C:\Users\westshell_ASUS\Documents\Visual Studio 2010\Projects\HelloMFC\Debug\GetIPAndPort.lib" /MACHINE:X86 Debug\GetIPAndPort.res
         Debug\GetIPAndPort.exe.embed.manifest.res
         Debug\GetIPAndPort.obj
         Debug\GetIPAndPortDlg.obj
         Debug\stdafx.obj
       Manifest:
         C:\Program Files (x86)\Microsoft SDKs\Windows\v7.0A\bin\mt.exe /nologo /verbose /out:"Debug\GetIPAndPort.exe.embed.manifest" /manifest Debug\GetIPAndPort.exe.intermediate.manifest "C:\Program Files (x86)\Microsoft Visual Studio 10.0\VC\Include\Manifest\dpiaware.manifest"
         C:\Program Files (x86)\Microsoft SDKs\Windows\v7.0A\bin\rc.exe /nologo /fo"Debug\GetIPAndPort.exe.embed.manifest.res" Debug\GetIPAndPort_manifest.rc 
       LinkEmbedManifest:
         C:\Program Files (x86)\Microsoft Visual Studio 10.0\VC\bin\link.exe /ERRORREPORT:PROMPT /OUT:"C:\Users\westshell_ASUS\Documents\Visual Studio 2010\Projects\HelloMFC\Debug\GetIPAndPort.exe" /INCREMENTAL /NOLOGO /MANIFEST /ManifestFile:"Debug\GetIPAndPort.exe.intermediate.manifest" /MANIFESTUAC:"level='asInvoker' uiAccess='false'" /DEBUG /PDB:"C:\Users\westshell_ASUS\Documents\Visual Studio 2010\Projects\HelloMFC\Debug\GetIPAndPort.pdb" /SUBSYSTEM:WINDOWS /TLBID:1 /DYNAMICBASE /NXCOMPAT /IMPLIB:"C:\Users\westshell_ASUS\Documents\Visual Studio 2010\Projects\HelloMFC\Debug\GetIPAndPort.lib" /MACHINE:X86 Debug\GetIPAndPort.res
         Debug\GetIPAndPort.exe.embed.manifest.res
         Debug\GetIPAndPort.obj
         Debug\GetIPAndPortDlg.obj
         Debug\stdafx.obj
         GetIPAndPort.vcxproj -> C:\Users\westshell_ASUS\Documents\Visual Studio 2010\Projects\HelloMFC\Debug\GetIPAndPort.exe
       FinalizeBuildStatus:
         正在删除文件“Debug\GetIPAndPort.unsuccessfulbuild”。
         正在对“Debug\GetIPAndPort.lastbuildstate”执行 Touch 任务。
     1>已完成生成项目“C:\Users\westshell_ASUS\Documents\Visual Studio 2010\Projects\HelloMFC\GetIPAndPort\GetIPAndPort.vcxproj”(build 个目标)的操作。

生成成功。

已用时间 00:00:07.41
