C:\USERS\WESTSHELL_ASUS\DOCUMENTS\VISUAL STUDIO 2010\PROJECTS\HELLOMFC\CHATCLIENT_1\DEBUG\CHATCLIENT.EXE.EMBED.MANIFEST
C:\USERS\WESTSHELL_ASUS\DOCUMENTS\VISUAL STUDIO 2010\PROJECTS\HELLOMFC\CHATCLIENT_1\DEBUG\CHATCLIENT.EXE.EMBED.MANIFEST.RES
C:\USERS\WESTSHELL_ASUS\DOCUMENTS\VISUAL STUDIO 2010\PROJECTS\HELLOMFC\CHATCLIENT_1\DEBUG\CHATCLIENT.EXE.INTERMEDIATE.MANIFEST
C:\USERS\WESTSHELL_ASUS\DOCUMENTS\VISUAL STUDIO 2010\PROJECTS\HELLOMFC\CHATCLIENT_1\DEBUG\CHATCLIENT.OBJ
C:\USERS\WESTSHELL_ASUS\DOCUMENTS\VISUAL STUDIO 2010\PROJECTS\HELLOMFC\CHATCLIENT_1\DEBUG\CHATCLIENT.PCH
C:\USERS\WESTSHELL_ASUS\DOCUMENTS\VISUAL STUDIO 2010\PROJECTS\HELLOMFC\CHATCLIENT_1\DEBUG\CHATCLIENT.RES
C:\Users\westshell_ASUS\Documents\Visual Studio 2010\Projects\HelloMFC\ChatClient_1\Debug\ChatClient.write.1.tlog
C:\USERS\WESTSHELL_ASUS\DOCUMENTS\VISUAL STUDIO 2010\PROJECTS\HELLOMFC\CHATCLIENT_1\DEBUG\CHATCLIENT_1.EXE.EMBED.MANIFEST
C:\USERS\WESTSHELL_ASUS\DOCUMENTS\VISUAL STUDIO 2010\PROJECTS\HELLOMFC\CHATCLIENT_1\DEBUG\CHATCLIENT_1.EXE.EMBED.MANIFEST.RES
C:\USERS\WESTSHELL_ASUS\DOCUMENTS\VISUAL STUDIO 2010\PROJECTS\HELLOMFC\CHATCLIENT_1\DEBUG\CHATCLIENT_1.EXE.INTERMEDIATE.MANIFEST
C:\USERS\WESTSHELL_ASUS\DOCUMENTS\VISUAL STUDIO 2010\PROJECTS\HELLOMFC\CHATCLIENT_1\DEBUG\CHATCLIENT_1.PCH
C:\Users\westshell_ASUS\Documents\Visual Studio 2010\Projects\HelloMFC\ChatClient_1\Debug\ChatClient_1.write.1.tlog
C:\Users\westshell_ASUS\Documents\Visual Studio 2010\Projects\HelloMFC\ChatClient_1\Debug\ChatClient_1_manifest.rc
C:\Users\westshell_ASUS\Documents\Visual Studio 2010\Projects\HelloMFC\ChatClient_1\Debug\ChatClient_manifest.rc
C:\USERS\WESTSHELL_ASUS\DOCUMENTS\VISUAL STUDIO 2010\PROJECTS\HELLOMFC\CHATCLIENT_1\DEBUG\CHATCLIENTDLG.OBJ
C:\Users\westshell_ASUS\Documents\Visual Studio 2010\Projects\HelloMFC\ChatClient_1\Debug\cl.command.1.tlog
C:\Users\westshell_ASUS\Documents\Visual Studio 2010\Projects\HelloMFC\ChatClient_1\Debug\CL.read.1.tlog
C:\Users\westshell_ASUS\Documents\Visual Studio 2010\Projects\HelloMFC\ChatClient_1\Debug\CL.write.1.tlog
C:\USERS\WESTSHELL_ASUS\DOCUMENTS\VISUAL STUDIO 2010\PROJECTS\HELLOMFC\CHATCLIENT_1\DEBUG\CLIENTSOCKET.OBJ
C:\Users\westshell_ASUS\Documents\Visual Studio 2010\Projects\HelloMFC\ChatClient_1\Debug\link.command.1.tlog
C:\Users\westshell_ASUS\Documents\Visual Studio 2010\Projects\HelloMFC\ChatClient_1\Debug\link.read.1.tlog
C:\Users\westshell_ASUS\Documents\Visual Studio 2010\Projects\HelloMFC\ChatClient_1\Debug\link.write.1.tlog
C:\Users\westshell_ASUS\Documents\Visual Studio 2010\Projects\HelloMFC\ChatClient_1\Debug\link-cvtres.read.1.tlog
C:\Users\westshell_ASUS\Documents\Visual Studio 2010\Projects\HelloMFC\ChatClient_1\Debug\link-cvtres.write.1.tlog
C:\Users\westshell_ASUS\Documents\Visual Studio 2010\Projects\HelloMFC\ChatClient_1\Debug\mt.command.1.tlog
C:\Users\westshell_ASUS\Documents\Visual Studio 2010\Projects\HelloMFC\ChatClient_1\Debug\mt.read.1.tlog
C:\Users\westshell_ASUS\Documents\Visual Studio 2010\Projects\HelloMFC\ChatClient_1\Debug\mt.write.1.tlog
C:\Users\westshell_ASUS\Documents\Visual Studio 2010\Projects\HelloMFC\ChatClient_1\Debug\rc.command.1.tlog
C:\Users\westshell_ASUS\Documents\Visual Studio 2010\Projects\HelloMFC\ChatClient_1\Debug\rc.read.1.tlog
C:\Users\westshell_ASUS\Documents\Visual Studio 2010\Projects\HelloMFC\ChatClient_1\Debug\rc.write.1.tlog
C:\USERS\WESTSHELL_ASUS\DOCUMENTS\VISUAL STUDIO 2010\PROJECTS\HELLOMFC\CHATCLIENT_1\DEBUG\STDAFX.OBJ
C:\Users\westshell_ASUS\Documents\Visual Studio 2010\Projects\HelloMFC\ChatClient_1\Debug\vc100.idb
C:\USERS\WESTSHELL_ASUS\DOCUMENTS\VISUAL STUDIO 2010\PROJECTS\HELLOMFC\CHATCLIENT_1\DEBUG\VC100.PDB
C:\USERS\WESTSHELL_ASUS\DOCUMENTS\VISUAL STUDIO 2010\PROJECTS\HELLOMFC\DEBUG\CHATCLIENT.EXE
C:\USERS\WESTSHELL_ASUS\DOCUMENTS\VISUAL STUDIO 2010\PROJECTS\HELLOMFC\DEBUG\CHATCLIENT.ILK
C:\USERS\WESTSHELL_ASUS\DOCUMENTS\VISUAL STUDIO 2010\PROJECTS\HELLOMFC\DEBUG\CHATCLIENT.PDB
C:\USERS\WESTSHELL_ASUS\DOCUMENTS\VISUAL STUDIO 2010\PROJECTS\HELLOMFC\DEBUG\CHATCLIENT_1.EXE
C:\USERS\WESTSHELL_ASUS\DOCUMENTS\VISUAL STUDIO 2010\PROJECTS\HELLOMFC\DEBUG\CHATCLIENT_1.ILK
C:\USERS\WESTSHELL_ASUS\DOCUMENTS\VISUAL STUDIO 2010\PROJECTS\HELLOMFC\DEBUG\CHATCLIENT_1.PDB
