生成启动时间为 2019/3/30 21:57:08。
     1>项目“C:\Users\westshell_ASUS\Documents\Visual Studio 2010\Projects\HelloMFC\ChatClient_1\ChatClient.vcxproj”在节点 2 上(build 个目标)。
     1>InitializeBuildStatus:
         正在创建“Debug\ChatClient_1.unsuccessfulbuild”，因为已指定“AlwaysCreate”。
       ClCompile:
         所有输出均为最新。
         C:\Program Files (x86)\Microsoft Visual Studio 10.0\VC\bin\CL.exe /c /ZI /nologo /W3 /WX- /Od /Oy- /D WIN32 /D _WINDOWS /D _DEBUG /D _MBCS /D _AFXDLL /Gm /EHsc /RTC1 /MDd /GS /fp:precise /Zc:wchar_t /Zc:forScope /Yc"StdAfx.h" /Fp"Debug\ChatClient_1.pch" /Fo"Debug\\" /Fd"Debug\vc100.pdb" /Gd /TP /analyze- /errorReport:prompt stdafx.cpp
         stdafx.cpp
         所有输出均为最新。
         C:\Program Files (x86)\Microsoft Visual Studio 10.0\VC\bin\CL.exe /c /ZI /nologo /W3 /WX- /Od /Oy- /D WIN32 /D _WINDOWS /D _DEBUG /D _MBCS /D _AFXDLL /Gm /EHsc /RTC1 /MDd /GS /fp:precise /Zc:wchar_t /Zc:forScope /Yu"StdAfx.h" /Fp"Debug\ChatClient_1.pch" /Fo"Debug\\" /Fd"Debug\vc100.pdb" /Gd /TP /analyze- /errorReport:prompt ChatClient.cpp ChatClientDlg.cpp ClientSocket.cpp
         ClientSocket.cpp
         ChatClientDlg.cpp
         ChatClient.cpp
         正在生成代码...
       ResourceCompile:
         所有输出均为最新。
       ManifestResourceCompile:
         C:\Program Files (x86)\Microsoft SDKs\Windows\v7.0A\bin\rc.exe /nologo /fo"Debug\ChatClient_1.exe.embed.manifest.res" Debug\ChatClient_1_manifest.rc 
       Link:
         C:\Program Files (x86)\Microsoft Visual Studio 10.0\VC\bin\link.exe /ERRORREPORT:PROMPT /OUT:"C:\Users\westshell_ASUS\Documents\Visual Studio 2010\Projects\HelloMFC\Debug\ChatClient_1.exe" /INCREMENTAL /NOLOGO /MANIFEST /ManifestFile:"Debug\ChatClient_1.exe.intermediate.manifest" /MANIFESTUAC:"level='asInvoker' uiAccess='false'" /DEBUG /PDB:"C:\Users\westshell_ASUS\Documents\Visual Studio 2010\Projects\HelloMFC\Debug\ChatClient_1.pdb" /SUBSYSTEM:WINDOWS /TLBID:1 /DYNAMICBASE /NXCOMPAT /IMPLIB:"C:\Users\westshell_ASUS\Documents\Visual Studio 2010\Projects\HelloMFC\Debug\ChatClient_1.lib" /MACHINE:X86 Debug\ChatClient.res
         Debug\ChatClient_1.exe.embed.manifest.res
         Debug\ChatClient.obj
         Debug\ChatClientDlg.obj
         Debug\ClientSocket.obj
         Debug\stdafx.obj
       Manifest:
         C:\Program Files (x86)\Microsoft SDKs\Windows\v7.0A\bin\mt.exe /nologo /verbose /out:"Debug\ChatClient_1.exe.embed.manifest" /manifest Debug\ChatClient_1.exe.intermediate.manifest "C:\Program Files (x86)\Microsoft Visual Studio 10.0\VC\Include\Manifest\dpiaware.manifest"
         C:\Program Files (x86)\Microsoft SDKs\Windows\v7.0A\bin\rc.exe /nologo /fo"Debug\ChatClient_1.exe.embed.manifest.res" Debug\ChatClient_1_manifest.rc 
       LinkEmbedManifest:
         C:\Program Files (x86)\Microsoft Visual Studio 10.0\VC\bin\link.exe /ERRORREPORT:PROMPT /OUT:"C:\Users\westshell_ASUS\Documents\Visual Studio 2010\Projects\HelloMFC\Debug\ChatClient_1.exe" /INCREMENTAL /NOLOGO /MANIFEST /ManifestFile:"Debug\ChatClient_1.exe.intermediate.manifest" /MANIFESTUAC:"level='asInvoker' uiAccess='false'" /DEBUG /PDB:"C:\Users\westshell_ASUS\Documents\Visual Studio 2010\Projects\HelloMFC\Debug\ChatClient_1.pdb" /SUBSYSTEM:WINDOWS /TLBID:1 /DYNAMICBASE /NXCOMPAT /IMPLIB:"C:\Users\westshell_ASUS\Documents\Visual Studio 2010\Projects\HelloMFC\Debug\ChatClient_1.lib" /MACHINE:X86 Debug\ChatClient.res
         Debug\ChatClient_1.exe.embed.manifest.res
         Debug\ChatClient.obj
         Debug\ChatClientDlg.obj
         Debug\ClientSocket.obj
         Debug\stdafx.obj
         ChatClient.vcxproj -> C:\Users\westshell_ASUS\Documents\Visual Studio 2010\Projects\HelloMFC\Debug\ChatClient_1.exe
       FinalizeBuildStatus:
         正在删除文件“Debug\ChatClient_1.unsuccessfulbuild”。
         正在对“Debug\ChatClient_1.lastbuildstate”执行 Touch 任务。
     1>已完成生成项目“C:\Users\westshell_ASUS\Documents\Visual Studio 2010\Projects\HelloMFC\ChatClient_1\ChatClient.vcxproj”(build 个目标)的操作。

生成成功。

已用时间 00:00:06.08
