生成启动时间为 2019/3/30 21:51:24。
     1>项目“C:\Users\westshell_ASUS\Documents\Visual Studio 2010\Projects\HelloMFC\HelloMFC\HelloMFC.vcxproj”在节点 2 上(build 个目标)。
     1>InitializeBuildStatus:
         正在创建“Debug\HelloMFC.unsuccessfulbuild”，因为已指定“AlwaysCreate”。
       ClCompile:
         C:\Program Files (x86)\Microsoft Visual Studio 10.0\VC\bin\CL.exe /c /ZI /nologo /W3 /WX- /Od /Oy- /D WIN32 /D _WINDOWS /D _DEBUG /D _UNICODE /D UNICODE /D _AFXDLL /Gm /EHsc /RTC1 /MDd /GS /fp:precise /Zc:wchar_t /Zc:forScope /Yc"StdAfx.h" /Fp"Debug\HelloMFC.pch" /Fo"Debug\\" /Fd"Debug\vc100.pdb" /Gd /TP /analyze- /errorReport:prompt stdafx.cpp
         stdafx.cpp
         C:\Program Files (x86)\Microsoft Visual Studio 10.0\VC\bin\CL.exe /c /ZI /nologo /W3 /WX- /Od /Oy- /D WIN32 /D _WINDOWS /D _DEBUG /D _UNICODE /D UNICODE /D _AFXDLL /Gm /EHsc /RTC1 /MDd /GS /fp:precise /Zc:wchar_t /Zc:forScope /Yu"StdAfx.h" /Fp"Debug\HelloMFC.pch" /Fo"Debug\\" /Fd"Debug\vc100.pdb" /Gd /TP /analyze- /errorReport:prompt HelloMFC.cpp HelloMFCDlg.cpp
         正在跳过...(未检测到相关更改)
         HelloMFCDlg.cpp
         HelloMFC.cpp
       ResourceCompile:
         所有输出均为最新。
       ManifestResourceCompile:
         所有输出均为最新。
       Link:
         C:\Program Files (x86)\Microsoft Visual Studio 10.0\VC\bin\link.exe /ERRORREPORT:PROMPT /OUT:"C:\Users\westshell_ASUS\Documents\Visual Studio 2010\Projects\HelloMFC\Debug\HelloMFC.exe" /INCREMENTAL /NOLOGO /MANIFEST /ManifestFile:"Debug\HelloMFC.exe.intermediate.manifest" /MANIFESTUAC:"level='asInvoker' uiAccess='false'" /DEBUG /PDB:"C:\Users\westshell_ASUS\Documents\Visual Studio 2010\Projects\HelloMFC\Debug\HelloMFC.pdb" /SUBSYSTEM:WINDOWS /TLBID:1 /ENTRY:"wWinMainCRTStartup" /DYNAMICBASE /NXCOMPAT /IMPLIB:"C:\Users\westshell_ASUS\Documents\Visual Studio 2010\Projects\HelloMFC\Debug\HelloMFC.lib" /MACHINE:X86 Debug\HelloMFC.res
         Debug\HelloMFC.exe.embed.manifest.res
         Debug\HelloMFC.obj
         Debug\HelloMFCDlg.obj
         Debug\stdafx.obj
       Manifest:
         C:\Program Files (x86)\Microsoft SDKs\Windows\v7.0A\bin\mt.exe /nologo /verbose /out:"Debug\HelloMFC.exe.embed.manifest" /manifest Debug\HelloMFC.exe.intermediate.manifest "C:\Program Files (x86)\Microsoft Visual Studio 10.0\VC\Include\Manifest\dpiaware.manifest"
         所有输出均为最新。
       LinkEmbedManifest:
         所有输出均为最新。
         HelloMFC.vcxproj -> C:\Users\westshell_ASUS\Documents\Visual Studio 2010\Projects\HelloMFC\Debug\HelloMFC.exe
       FinalizeBuildStatus:
         正在删除文件“Debug\HelloMFC.unsuccessfulbuild”。
         正在对“Debug\HelloMFC.lastbuildstate”执行 Touch 任务。
     1>已完成生成项目“C:\Users\westshell_ASUS\Documents\Visual Studio 2010\Projects\HelloMFC\HelloMFC\HelloMFC.vcxproj”(build 个目标)的操作。

生成成功。

已用时间 00:00:11.99
